[debug] [2025-02-19T07:36:00.031Z] ----------------------------------------------------------------------
[debug] [2025-02-19T07:36:00.034Z] Command:       C:\Program Files\nodejs\node.exe C:\Users\prane\AppData\Roaming\npm\node_modules\firebase-tools\lib\bin\firebase.js init
[debug] [2025-02-19T07:36:00.035Z] CLI Version:   13.31.1
[debug] [2025-02-19T07:36:00.035Z] Platform:      win32
[debug] [2025-02-19T07:36:00.035Z] Node Version:  v22.13.1
[debug] [2025-02-19T07:36:00.035Z] Time:          Wed Feb 19 2025 13:06:00 GMT+0530 (India Standard Time)
[debug] [2025-02-19T07:36:00.036Z] ----------------------------------------------------------------------
[debug] 
[debug] [2025-02-19T07:36:00.046Z] > command requires scopes: ["email","openid","https://www.googleapis.com/auth/cloudplatformprojects.readonly","https://www.googleapis.com/auth/firebase","https://www.googleapis.com/auth/cloud-platform"]
[debug] [2025-02-19T07:36:00.046Z] > authorizing via signed-in user (praneshsekar07@gmail.com)
[info] 
     ######## #### ########  ######## ########     ###     ######  ########
     ##        ##  ##     ## ##       ##     ##  ##   ##  ##       ##
     ######    ##  ########  ######   ########  #########  ######  ######
     ##        ##  ##    ##  ##       ##     ## ##     ##       ## ##
     ##       #### ##     ## ######## ########  ##     ##  ######  ########

You're about to initialize a Firebase project in this directory:

  C:\Users\prane\vs\vs

[info] 
=== Project Setup
[info] 
[info] First, let's associate this project directory with a Firebase project.
[info] You can create multiple project aliases by running firebase use --add, 
[info] but for now we'll just set up a default project.
[info] 
[debug] [2025-02-19T07:36:07.670Z] Checked if tokens are valid: true, expires at: 1739954137333
[debug] [2025-02-19T07:36:07.670Z] Checked if tokens are valid: true, expires at: 1739954137333
[debug] [2025-02-19T07:36:07.672Z] >>> [apiv2][query] GET https://firebase.googleapis.com/v1beta1/projects pageSize=100
[debug] [2025-02-19T07:36:08.419Z] <<< [apiv2][status] GET https://firebase.googleapis.com/v1beta1/projects 200
[debug] [2025-02-19T07:36:08.419Z] <<< [apiv2][body] GET https://firebase.googleapis.com/v1beta1/projects [omitted]
